<?xml version="1.0" encoding="UTF-8"?>
<!-- Generated by org.testng.reporters.JUnitReportReporter -->
<testsuite skipped="0" hostname="LAPTOP-MPNT8J29" name="restAssurBDDpractice.Putrequest" tests="1" failures="0" timestamp="2020-12-15T19:24:53 GMT" time="4.310" errors="0">
  <testcase name="putreq" time="4.310" classname="restAssurBDDpractice.Putrequest"/>
  <system-out/>
</testsuite> <!-- restAssurBDDpractice.Putrequest -->
