<?xml version="1.0" encoding="UTF-8"?>
<!-- Generated by org.testng.reporters.JUnitReportReporter -->
<testsuite skipped="0" hostname="LAPTOP-MPNT8J29" name="apiTest.GetTest" tests="3" failures="0" timestamp="2021-02-02T12:05:18 GMT" time="3.808" errors="0">
  <testcase name="Getallemployees" time="2.595" classname="apiTest.GetTest"/>
  <testcase name="getemployee1" time="0.830" classname="apiTest.GetTest"/>
  <testcase name="listofusers" time="0.383" classname="apiTest.GetTest"/>
</testsuite> <!-- apiTest.GetTest -->
