<?xml version="1.0" encoding="UTF-8"?>
<!-- Generated by org.testng.reporters.JUnitReportReporter -->
<testsuite skipped="0" hostname="LAPTOP-MPNT8J29" name="restAssurBDDpractice.Getrequestpractice" tests="1" failures="0" timestamp="2021-01-13T12:16:50 GMT" time="2.523" errors="0">
  <testcase name="TC001_getrequestpractice01" time="2.523" classname="restAssurBDDpractice.Getrequestpractice"/>
</testsuite> <!-- restAssurBDDpractice.Getrequestpractice -->
