<?xml version="1.0" encoding="UTF-8"?>
<!-- Generated by org.testng.reporters.JUnitReportReporter -->
<testsuite skipped="0" hostname="LAPTOP-MPNT8J29" name="restAssurBDDpractice.Postrequest" tests="1" failures="0" timestamp="2021-01-13T12:18:56 GMT" time="2.423" errors="0">
  <testcase name="postreq" time="2.423" classname="restAssurBDDpractice.Postrequest"/>
</testsuite> <!-- restAssurBDDpractice.Postrequest -->
