<?xml version="1.0" encoding="UTF-8"?>
<!-- Generated by org.testng.reporters.JUnitReportReporter -->
<testsuite skipped="0" hostname="LAPTOP-MPNT8J29" name="restAssurBDDpractice.Patchrequest" tests="1" failures="0" timestamp="2020-12-15T19:25:37 GMT" time="2.796" errors="0">
  <testcase name="putreq" time="2.796" classname="restAssurBDDpractice.Patchrequest"/>
  <system-out/>
</testsuite> <!-- restAssurBDDpractice.Patchrequest -->
