<?xml version="1.0" encoding="UTF-8"?>
<!-- Generated by org.testng.reporters.JUnitReportReporter -->
<testsuite skipped="0" hostname="LAPTOP-MPNT8J29" name="restAssured2.Restassuredd" tests="2" failures="0" timestamp="2021-01-13T12:15:20 GMT" time="2.006" errors="0">
  <testcase name="TC001_getrequest" time="1.818" classname="restAssured2.Restassuredd"/>
  <testcase name="TC002_singleuser" time="0.188" classname="restAssured2.Restassuredd"/>
</testsuite> <!-- restAssured2.Restassuredd -->
