<?xml version="1.0" encoding="UTF-8"?>
<!-- Generated by org.testng.reporters.JUnitReportReporter -->
<testsuite skipped="0" hostname="LAPTOP-MPNT8J29" name="restAssurBDDpractice.Deleterequest" tests="1" failures="0" timestamp="2020-12-15T19:26:21 GMT" time="4.396" errors="0">
  <testcase name="deletereq" time="4.396" classname="restAssurBDDpractice.Deleterequest"/>
</testsuite> <!-- restAssurBDDpractice.Deleterequest -->
